Build started 8/19/2020 3:09:46 PM.
     1>Project "C:\Users\ADMIN\Documents\Visual Studio 2010\Projects\6306021612104\002\002\002.vcxproj" on node 2 (build target(s)).
     1>InitializeBuildStatus:
         Creating "Debug\002.unsuccessfulbuild" because "AlwaysCreate" was specified.
       ClCompile:
         C:\Program Files (x86)\Microsoft Visual Studio 10.0\VC\bin\CL.exe /c /ZI /nologo /W3 /WX- /Od /Oy- /D WIN32 /D _DEBUG /D _CONSOLE /D _UNICODE /D UNICODE /Gm /EHsc /RTC1 /MDd /GS /fp:precise /Zc:wchar_t /Zc:forScope /Fo"Debug\\" /Fd"Debug\vc100.pdb" /Gd /TP /analyze- /errorReport:prompt 0023.cpp
         0023.cpp
       ManifestResourceCompile:
         All outputs are up-to-date.
       Link:
         C:\Program Files (x86)\Microsoft Visual Studio 10.0\VC\bin\link.exe /ERRORREPORT:PROMPT /OUT:"C:\Users\ADMIN\Documents\Visual Studio 2010\Projects\6306021612104\002\Debug\002.exe" /INCREMENTAL /NOLOGO kernel32.lib user32.lib gdi32.lib winspool.lib comdlg32.lib advapi32.lib shell32.lib ole32.lib oleaut32.lib uuid.lib odbc32.lib odbccp32.lib /MANIFEST /ManifestFile:"Debug\002.exe.intermediate.manifest" /MANIFESTUAC:"level='asInvoker' uiAccess='false'" /DEBUG /PDB:"C:\Users\ADMIN\Documents\Visual Studio 2010\Projects\6306021612104\002\Debug\002.pdb" /SUBSYSTEM:CONSOLE /TLBID:1 /DYNAMICBASE /NXCOMPAT /IMPLIB:"C:\Users\ADMIN\Documents\Visual Studio 2010\Projects\6306021612104\002\Debug\002.lib" /MACHINE:X86 Debug\002.exe.embed.manifest.res
         Debug\0023.obj
       Manifest:
         C:\Program Files (x86)\Microsoft SDKs\Windows\v7.0A\bin\mt.exe /nologo /verbose /out:"Debug\002.exe.embed.manifest" /manifest Debug\002.exe.intermediate.manifest
         All outputs are up-to-date.
       LinkEmbedManifest:
         All outputs are up-to-date.
         002.vcxproj -> C:\Users\ADMIN\Documents\Visual Studio 2010\Projects\6306021612104\002\Debug\002.exe
       FinalizeBuildStatus:
         Deleting file "Debug\002.unsuccessfulbuild".
         Touching "Debug\002.lastbuildstate".
     1>Done Building Project "C:\Users\ADMIN\Documents\Visual Studio 2010\Projects\6306021612104\002\002\002.vcxproj" (build target(s)).

Build succeeded.

Time Elapsed 00:00:00.42
