Build started 8/28/2020 12:29:16 PM.
     1>Project "C:\Users\kim\Desktop\School work\6306021612104-Lucky Number\6306021612104-Lucky Number\6306021612104-Lucky Number\6306021612104-Lucky Number.vcxproj" on node 2 (build target(s)).
     1>InitializeBuildStatus:
         Creating "Debug\6306021612104-Lucky Number.unsuccessfulbuild" because "AlwaysCreate" was specified.
       ClCompile:
         All outputs are up-to-date.
       ManifestResourceCompile:
         All outputs are up-to-date.
       Link:
         C:\Program Files (x86)\Microsoft Visual Studio 10.0\VC\bin\link.exe /ERRORREPORT:PROMPT /OUT:"C:\Users\kim\Desktop\School work\6306021612104-Lucky Number\6306021612104-Lucky Number\Debug\6306021612104-Lucky Number.exe" /INCREMENTAL /NOLOGO kernel32.lib user32.lib gdi32.lib winspool.lib comdlg32.lib advapi32.lib shell32.lib ole32.lib oleaut32.lib uuid.lib odbc32.lib odbccp32.lib /MANIFEST /ManifestFile:"Debug\6306021612104-Lucky Number.exe.intermediate.manifest" /MANIFESTUAC:"level='asInvoker' uiAccess='false'" /DEBUG /PDB:"C:\Users\kim\Desktop\School work\6306021612104-Lucky Number\6306021612104-Lucky Number\Debug\6306021612104-Lucky Number.pdb" /SUBSYSTEM:CONSOLE /TLBID:1 /DYNAMICBASE /NXCOMPAT /IMPLIB:"C:\Users\kim\Desktop\School work\6306021612104-Lucky Number\6306021612104-Lucky Number\Debug\6306021612104-Lucky Number.lib" /MACHINE:X86 "Debug\6306021612104-Lucky Number.exe.embed.manifest.res"
         "Debug\6306021612104-Lucky Number.obj"
       Manifest:
         C:\Program Files (x86)\Microsoft SDKs\Windows\v7.0A\bin\mt.exe /nologo /verbose /out:"Debug\6306021612104-Lucky Number.exe.embed.manifest" /manifest "Debug\6306021612104-Lucky Number.exe.intermediate.manifest"
         All outputs are up-to-date.
       LinkEmbedManifest:
         All outputs are up-to-date.
         6306021612104-Lucky Number.vcxproj -> C:\Users\kim\Desktop\School work\6306021612104-Lucky Number\6306021612104-Lucky Number\Debug\6306021612104-Lucky Number.exe
       FinalizeBuildStatus:
         Deleting file "Debug\6306021612104-Lucky Number.unsuccessfulbuild".
         Touching "Debug\6306021612104-Lucky Number.lastbuildstate".
     1>Done Building Project "C:\Users\kim\Desktop\School work\6306021612104-Lucky Number\6306021612104-Lucky Number\6306021612104-Lucky Number\6306021612104-Lucky Number.vcxproj" (build target(s)).

Build succeeded.

Time Elapsed 00:00:00.43
