Build started 8/13/2020 8:33:07 PM.
     1>Project "C:\Users\kim\Desktop\School work\6306021612104-atm.cpp\6306021612104-atm.cpp\6306021612104-atm.cpp\6306021612104-atm.cpp.vcxproj" on node 2 (build target(s)).
     1>InitializeBuildStatus:
         Creating "Debug\6306021612104-atm.cpp.unsuccessfulbuild" because "AlwaysCreate" was specified.
       ClCompile:
         C:\Program Files (x86)\Microsoft Visual Studio 10.0\VC\bin\CL.exe /c /ZI /nologo /W3 /WX- /Od /Oy- /D WIN32 /D _DEBUG /D _CONSOLE /D _UNICODE /D UNICODE /Gm /EHsc /RTC1 /MDd /GS /fp:precise /Zc:wchar_t /Zc:forScope /Fo"Debug\\" /Fd"Debug\vc100.pdb" /Gd /TP /analyze- /errorReport:prompt "6306021612104-atm.cpp"
         6306021612104-atm.cpp
       ManifestResourceCompile:
         All outputs are up-to-date.
       Link:
         C:\Program Files (x86)\Microsoft Visual Studio 10.0\VC\bin\link.exe /ERRORREPORT:PROMPT /OUT:"C:\Users\kim\Desktop\School work\6306021612104-atm.cpp\6306021612104-atm.cpp\Debug\6306021612104-atm.cpp.exe" /INCREMENTAL /NOLOGO kernel32.lib user32.lib gdi32.lib winspool.lib comdlg32.lib advapi32.lib shell32.lib ole32.lib oleaut32.lib uuid.lib odbc32.lib odbccp32.lib /MANIFEST /ManifestFile:"Debug\6306021612104-atm.cpp.exe.intermediate.manifest" /MANIFESTUAC:"level='asInvoker' uiAccess='false'" /DEBUG /PDB:"C:\Users\kim\Desktop\School work\6306021612104-atm.cpp\6306021612104-atm.cpp\Debug\6306021612104-atm.cpp.pdb" /SUBSYSTEM:CONSOLE /TLBID:1 /DYNAMICBASE /NXCOMPAT /IMPLIB:"C:\Users\kim\Desktop\School work\6306021612104-atm.cpp\6306021612104-atm.cpp\Debug\6306021612104-atm.cpp.lib" /MACHINE:X86 "Debug\6306021612104-atm.cpp.exe.embed.manifest.res"
         "Debug\6306021612104-atm.obj"
       Manifest:
         C:\Program Files (x86)\Microsoft SDKs\Windows\v7.0A\bin\mt.exe /nologo /verbose /out:"Debug\6306021612104-atm.cpp.exe.embed.manifest" /manifest "Debug\6306021612104-atm.cpp.exe.intermediate.manifest"
         All outputs are up-to-date.
       LinkEmbedManifest:
         All outputs are up-to-date.
         6306021612104-atm.cpp.vcxproj -> C:\Users\kim\Desktop\School work\6306021612104-atm.cpp\6306021612104-atm.cpp\Debug\6306021612104-atm.cpp.exe
       FinalizeBuildStatus:
         Deleting file "Debug\6306021612104-atm.cpp.unsuccessfulbuild".
         Touching "Debug\6306021612104-atm.cpp.lastbuildstate".
     1>Done Building Project "C:\Users\kim\Desktop\School work\6306021612104-atm.cpp\6306021612104-atm.cpp\6306021612104-atm.cpp\6306021612104-atm.cpp.vcxproj" (build target(s)).

Build succeeded.

Time Elapsed 00:00:01.08
